<?xml version="1.0" encoding="UTF-8" ?>
<testsuites>
  <testsuite errors="1" failures="3" hostname="lprado-PC" id="0" name="UtilTests" package="almacenweb" tests="4" time="0.39" timestamp="2013-06-04T04:18:23">
      <properties />

      <testcase classname="almacenweb.UtilTests" name="testFechaDesglosada" time="0.219">
          <failure message="java.lang.AssertionError: expected:&lt;2012&gt; but was:&lt;2013&gt;" type="junit.framework.AssertionFailedError">junit.framework.AssertionFailedError: java.lang.AssertionError: expected:&lt;2012&gt; but was:&lt;2013&gt;
	at almacenweb.UtilTests.testFechaDesglosada(UtilTests.groovy:51)
</failure>

      </testcase>

      <testcase classname="almacenweb.UtilTests" name="testConsultar" time="0.063">
          <failure message="java.lang.AssertionError: expected:&lt;15&gt; but was:&lt;1&gt;" type="junit.framework.AssertionFailedError">junit.framework.AssertionFailedError: java.lang.AssertionError: expected:&lt;15&gt; but was:&lt;1&gt;
	at almacenweb.UtilTests.testConsultar(UtilTests.groovy:44)
</failure>

      </testcase>

      <testcase classname="almacenweb.UtilTests" name="encodePassword" time="0.019">
          <failure message="org.junit.ComparisonFailure: expected:&lt;[3f79bb7b435b05321651daefd374cdc681dc06faa65e374e38337b88ca046dea]&gt; but was:&lt;[huevos]&gt;" type="junit.framework.AssertionFailedError">	at almacenweb.UtilTests.encodePassword(UtilTests.groovy:21)
</failure>

      </testcase>

      <testcase classname="almacenweb.UtilTests" name="testUsuarios" time="0.074">
          <error message="No signature of method: mx.gob.inr.utils.UtilService.perfiles() is applicable for argument types: (mx.gob.inr.utils.UtilService$_usuarios_closure2_closure9) values: [mx.gob.inr.utils.UtilService$_usuarios_closure2_closure9@15715c02]" type="groovy.lang.MissingMethodException">groovy.lang.MissingMethodException: No signature of method: mx.gob.inr.utils.UtilService.perfiles() is applicable for argument types: (mx.gob.inr.utils.UtilService$_usuarios_closure2_closure9) values: [mx.gob.inr.utils.UtilService$_usuarios_closure2_closure9@15715c02]
	at mx.gob.inr.utils.UtilService$_usuarios_closure2.doCall(UtilService.groovy:37)
	at grails.orm.HibernateCriteriaBuilder.invokeClosureNode(HibernateCriteriaBuilder.java:1847)
	at grails.orm.HibernateCriteriaBuilder.invokeMethod(HibernateCriteriaBuilder.java:1547)
	at mx.gob.inr.utils.UtilService.usuarios(UtilService.groovy:36)
	at almacenweb.UtilTests.testUsuarios(UtilTests.groovy:29)
</error>

      </testcase>

      <system-out><![CDATA[--Output from testFechaDesglosada--
--Output from testConsultar--
Hibernate: select this_.id_entrada as id1_18_0_, this_.actividad as actividad18_0_, this_.almacen as almacen18_0_, this_.devolucion as devolucion18_0_, this_.estado_entrada as estado5_18_0_, this_.fecha_entrada as fecha6_18_0_, this_.fecha_captura as fecha7_18_0_, this_.numero_entrada as numero8_18_0_, this_.id_sal_alma as id9_18_0_, this_.ip_terminal as ip10_18_0_, this_.numero_factura as numero11_18_0_, this_.presupuesto as presupu12_18_0_, this_.recibio as recibio18_0_, this_.supervisor as supervisor18_0_, this_.id_usuario as id15_18_0_ from entrada this_
--Output from encodePassword--
--Output from testUsuarios--
]]></system-out>

      <system-err><![CDATA[--Output from testFechaDesglosada--
--Output from testConsultar--
--Output from encodePassword--
--Output from testUsuarios--
]]></system-err>

  </testsuite>
</testsuites>
