<?xml version="1.0" encoding="UTF-8" ?>
<testsuites>
  <testsuite errors="1" failures="0" hostname="lprado-PC" id="0" name="ReportesCeyeTests" package="almacenweb" tests="2" time="5.732" timestamp="2014-01-22T23:01:05">
      <properties />

      <testcase classname="almacenweb.ReportesCeyeTests" name="testReporteConcentradoServicioSalida" time="5.632" />

      <testcase classname="almacenweb.ReportesCeyeTests" name="testReporteConcentradoValeEntrada" time="0.086">
          <error message="No such property: reporteList for class: almacenweb.ReportesCeyeTests" type="groovy.lang.MissingPropertyException">groovy.lang.MissingPropertyException: No such property: reporteList for class: almacenweb.ReportesCeyeTests
	at almacenweb.ReportesCeyeTests.testReporteConcentradoValeEntrada(ReportesCeyeTests.groovy:30)
</error>

      </testcase>

      <system-out><![CDATA[--Output from testReporteConcentradoServicioSalida--
--Output from testReporteConcentradoValeEntrada--
]]></system-out>

      <system-err><![CDATA[--Output from testReporteConcentradoServicioSalida--
--Output from testReporteConcentradoValeEntrada--
]]></system-err>

  </testsuite>
</testsuites>
