<?xml version="1.0" encoding="UTF-8" ?>
<testsuites>
  <testsuite errors="0" failures="2" hostname="lprado-PC" id="0" name="UtilTests" package="almacenweb" tests="2" time="0.469" timestamp="2013-05-07T14:54:40">
      <properties />

      <testcase classname="almacenweb.UtilTests" name="testUsuarios" time="0.434">
          <failure message="java.lang.AssertionError: expected:&lt;5&gt; but was:&lt;8&gt;" type="junit.framework.AssertionFailedError">junit.framework.AssertionFailedError: java.lang.AssertionError: expected:&lt;5&gt; but was:&lt;8&gt;
	at almacenweb.UtilTests.testUsuarios(UtilTests.groovy:18)
</failure>

      </testcase>

      <testcase classname="almacenweb.UtilTests" name="testFechaDesglosada" time="0.023">
          <failure message="java.lang.AssertionError: expected:&lt;2012&gt; but was:&lt;2013&gt;" type="junit.framework.AssertionFailedError">junit.framework.AssertionFailedError: java.lang.AssertionError: expected:&lt;2012&gt; but was:&lt;2013&gt;
	at almacenweb.UtilTests.testFechaDesglosada(UtilTests.groovy:24)
</failure>

      </testcase>

      <system-out><![CDATA[--Output from testUsuarios--
Hibernate: select this_.idusuario as idusuario9_1_, this_.materno as materno9_1_, this_.nombre as nombre9_1_, this_.password as password9_1_, this_.paterno as paterno9_1_, this_.rfc as rfc9_1_, perfiles_a1_.idusuario as idusuario17_0_, perfiles_a1_.idperfil as idperfil17_0_ from usuario this_ inner join usuario_perfil perfiles_a1_ on this_.idusuario=perfiles_a1_.idusuario where (perfiles_a1_.idperfil=?) order by this_.nombre desc
--Output from testFechaDesglosada--
]]></system-out>

      <system-err><![CDATA[--Output from testUsuarios--
--Output from testFechaDesglosada--
]]></system-err>

  </testsuite>
</testsuites>
