# JRE version: 7.0_17-b02
# Java VM: Java HotSpot(TM) 64-Bit Server VM (23.7-b01 mixed mode windows-amd64 compressed oops)
Heap
 PSYoungGen      total 222464K, used 30547K [0x00000000f0000000, 0x0000000100000000, 0x0000000100000000)
  eden space 194304K, 1% used [0x00000000f0000000,0x00000000f0262450,0x00000000fbdc0000)
  from space 28160K, 99% used [0x00000000fbdc0000,0x00000000fd932ae8,0x00000000fd940000)
  to   space 36608K, 0% used [0x00000000fdc40000,0x00000000fdc40000,0x0000000100000000)
 ParOldGen       total 238848K, used 181526K [0x00000000d0000000, 0x00000000de940000, 0x00000000f0000000)
  object space 238848K, 76% used [0x00000000d0000000,0x00000000db145860,0x00000000de940000)
 PSPermGen       total 133632K, used 106104K [0x00000000c0000000, 0x00000000c8280000, 0x00000000d0000000)
  object space 133632K, 79% used [0x00000000c0000000,0x00000000c679e1c8,0x00000000c8280000)
GC Heap History (10 events):
Event: 28.947 GC heap before
{Heap before GC invocations=49 (full 2):
 PSYoungGen      total 233664K, used 229897K [0x00000000f0000000, 0x0000000100000000, 0x0000000100000000)
  eden space 212992K, 100% used [0x00000000f0000000,0x00000000fd000000,0x00000000fd000000)
  from space 20672K, 81% used [0x00000000febd0000,0x00000000ffc526f0,0x0000000100000000)
  to   space 24576K, 0% used [0x00000000fd000000,0x00000000fd000000,0x00000000fe800000)
 ParOldGen       total 238848K, used 181502K [0x00000000d0000000, 0x00000000de940000, 0x00000000f0000000)
  object space 238848K, 75% used [0x00000000d0000000,0x00000000db13f860,0x00000000de940000)
 PSPermGen       total 133632K, used 103240K [0x00000000c0000000, 0x00000000c8280000, 0x00000000d0000000)
  object space 133632K, 77% used [0x00000000c0000000,0x00000000c64d21c0,0x00000000c8280000)
Event: 28.962 GC heap after
Heap after GC invocations=49 (full 2):
 PSYoungGen      total 234688K, used 21674K [0x00000000f0000000, 0x0000000100000000, 0x0000000100000000)
  eden space 212992K, 0% used [0x00000000f0000000,0x00000000f0000000,0x00000000fd000000)
  from space 21696K, 99% used [0x00000000fd000000,0x00000000fe52aa10,0x00000000fe530000)
  to   space 26880K, 0% used [0x00000000fe5c0000,0x00000000fe5c0000,0x0000000100000000)
 ParOldGen       total 238848K, used 181510K [0x00000000d0000000, 0x00000000de940000, 0x00000000f0000000)
  object space 238848K, 75% used [0x00000000d0000000,0x00000000db141860,0x00000000de940000)
 PSPermGen       total 133632K, used 103240K [0x00000000c0000000, 0x00000000c8280000, 0x00000000d0000000)
  object space 133632K, 77% used [0x00000000c0000000,0x00000000c64d21c0,0x00000000c8280000)
}
Event: 64.336 GC heap before
{Heap before GC invocations=50 (full 2):
 PSYoungGen      total 234688K, used 234666K [0x00000000f0000000, 0x0000000100000000, 0x0000000100000000)
  eden space 212992K, 100% used [0x00000000f0000000,0x00000000fd000000,0x00000000fd000000)
  from space 21696K, 99% used [0x00000000fd000000,0x00000000fe52aa10,0x00000000fe530000)
  to   space 26880K, 0% used [0x00000000fe5c0000,0x00000000fe5c0000,0x0000000100000000)
 ParOldGen       total 238848K, used 181510K [0x00000000d0000000, 0x00000000de940000, 0x00000000f0000000)
  object space 238848K, 75% used [0x00000000d0000000,0x00000000db141860,0x00000000de940000)
 PSPermGen       total 133632K, used 103870K [0x00000000c0000000, 0x00000000c8280000, 0x00000000d0000000)
  object space 133632K, 77% used [0x00000000c0000000,0x00000000c656f888,0x00000000c8280000)
Event: 64.350 GC heap after
Heap after GC invocations=50 (full 2):
 PSYoungGen      total 230400K, used 23415K [0x00000000f0000000, 0x0000000100000000, 0x0000000100000000)
  eden space 203520K, 0% used [0x00000000f0000000,0x00000000f0000000,0x00000000fc6c0000)
  from space 26880K, 87% used [0x00000000fe5c0000,0x00000000ffc9dc68,0x0000000100000000)
  to   space 29312K, 0% used [0x00000000fc6c0000,0x00000000fc6c0000,0x00000000fe360000)
 ParOldGen       total 238848K, used 181510K [0x00000000d0000000, 0x00000000de940000, 0x00000000f0000000)
  object space 238848K, 75% used [0x00000000d0000000,0x00000000db141860,0x00000000de940000)
 PSPermGen       total 133632K, used 103870K [0x00000000c0000000, 0x00000000c8280000, 0x00000000d0000000)
  object space 133632K, 77% used [0x00000000c0000000,0x00000000c656f888,0x00000000c8280000)
}
Event: 149.941 GC heap before
{Heap before GC invocations=51 (full 2):
 PSYoungGen      total 230400K, used 226935K [0x00000000f0000000, 0x0000000100000000, 0x0000000100000000)
  eden space 203520K, 100% used [0x00000000f0000000,0x00000000fc6c0000,0x00000000fc6c0000)
  from space 26880K, 87% used [0x00000000fe5c0000,0x00000000ffc9dc68,0x0000000100000000)
  to   space 29312K, 0% used [0x00000000fc6c0000,0x00000000fc6c0000,0x00000000fe360000)
 ParOldGen       total 238848K, used 181510K [0x00000000d0000000, 0x00000000de940000, 0x00000000f0000000)
  object space 238848K, 75% used [0x00000000d0000000,0x00000000db141860,0x00000000de940000)
 PSPermGen       total 133632K, used 105243K [0x00000000c0000000, 0x00000000c8280000, 0x00000000d0000000)
  object space 133632K, 78% used [0x00000000c0000000,0x00000000c66c6e48,0x00000000c8280000)
Event: 149.957 GC heap after
Heap after GC invocations=51 (full 2):
 PSYoungGen      total 227840K, used 24289K [0x00000000f0000000, 0x0000000100000000, 0x0000000100000000)
  eden space 203520K, 0% used [0x00000000f0000000,0x00000000f0000000,0x00000000fc6c0000)
  from space 24320K, 99% used [0x00000000fc6c0000,0x00000000fde78590,0x00000000fde80000)
  to   space 31616K, 0% used [0x00000000fe120000,0x00000000fe120000,0x0000000100000000)
 ParOldGen       total 238848K, used 181518K [0x00000000d0000000, 0x00000000de940000, 0x00000000f0000000)
  object space 238848K, 75% used [0x00000000d0000000,0x00000000db143860,0x00000000de940000)
 PSPermGen       total 133632K, used 105243K [0x00000000c0000000, 0x00000000c8280000, 0x00000000d0000000)
  object space 133632K, 78% used [0x00000000c0000000,0x00000000c66c6e48,0x00000000c8280000)
}
Event: 150.658 GC heap before
{Heap before GC invocations=52 (full 2):
 PSYoungGen      total 227840K, used 227809K [0x00000000f0000000, 0x0000000100000000, 0x0000000100000000)
  eden space 203520K, 100% used [0x00000000f0000000,0x00000000fc6c0000,0x00000000fc6c0000)
  from space 24320K, 99% used [0x00000000fc6c0000,0x00000000fde78590,0x00000000fde80000)
  to   space 31616K, 0% used [0x00000000fe120000,0x00000000fe120000,0x0000000100000000)
 ParOldGen       total 238848K, used 181518K [0x00000000d0000000, 0x00000000de940000, 0x00000000f0000000)
  object space 238848K, 75% used [0x00000000d0000000,0x00000000db143860,0x00000000de940000)
 PSPermGen       total 133632K, used 105901K [0x00000000c0000000, 0x00000000c8280000, 0x00000000d0000000)
  object space 133632K, 79% used [0x00000000c0000000,0x00000000c676b720,0x00000000c8280000)
Event: 150.679 GC heap after
Heap after GC invocations=52 (full 2):
 PSYoungGen      total 225920K, used 25913K [0x00000000f0000000, 0x0000000100000000, 0x0000000100000000)
  eden space 194304K, 0% used [0x00000000f0000000,0x00000000f0000000,0x00000000fbdc0000)
  from space 31616K, 81% used [0x00000000fe120000,0x00000000ffa6e5d8,0x0000000100000000)
  to   space 33920K, 0% used [0x00000000fbdc0000,0x00000000fbdc0000,0x00000000fdee0000)
 ParOldGen       total 238848K, used 181518K [0x00000000d0000000, 0x00000000de940000, 0x00000000f0000000)
  object space 238848K, 75% used [0x00000000d0000000,0x00000000db143860,0x00000000de940000)
 PSPermGen       total 133632K, used 105901K [0x00000000c0000000, 0x00000000c8280000, 0x00000000d0000000)
  object space 133632K, 79% used [0x00000000c0000000,0x00000000c676b720,0x00000000c8280000)
}
Event: 228.808 GC heap before
{Heap before GC invocations=53 (full 2):
 PSYoungGen      total 225920K, used 220217K [0x00000000f0000000, 0x0000000100000000, 0x0000000100000000)
  eden space 194304K, 100% used [0x00000000f0000000,0x00000000fbdc0000,0x00000000fbdc0000)
  from space 31616K, 81% used [0x00000000fe120000,0x00000000ffa6e5d8,0x0000000100000000)
  to   space 33920K, 0% used [0x00000000fbdc0000,0x00000000fbdc0000,0x00000000fdee0000)
 ParOldGen       total 238848K, used 181518K [0x00000000d0000000, 0x00000000de940000, 0x00000000f0000000)
  object space 238848K, 75% used [0x00000000d0000000,0x00000000db143860,0x00000000de940000)
 PSPermGen       total 133632K, used 106094K [0x00000000c0000000, 0x00000000c8280000, 0x00000000d0000000)
  object space 133632K, 79% used [0x00000000c0000000,0x00000000c679bad0,0x00000000c8280000)
Event: 228.837 GC heap after
Heap after GC invocations=53 (full 2):
 PSYoungGen      total 222464K, used 28106K [0x00000000f0000000, 0x0000000100000000, 0x0000000100000000)
  eden space 194304K, 0% used [0x00000000f0000000,0x00000000f0000000,0x00000000fbdc0000)
  from space 28160K, 99% used [0x00000000fbdc0000,0x00000000fd932ae8,0x00000000fd940000)
  to   space 36608K, 0% used [0x00000000fdc40000,0x00000000fdc40000,0x0000000100000000)
 ParOldGen       total 238848K, used 181526K [0x00000000d0000000, 0x00000000de940000, 0x00000000f0000000)
  object space 238848K, 76% used [0x00000000d0000000,0x00000000db145860,0x00000000de940000)
 PSPermGen       total 133632K, used 106094K [0x00000000c0000000, 0x00000000c8280000, 0x00000000d0000000)
  object space 133632K, 79% used [0x00000000c0000000,0x00000000c679bad0,0x00000000c8280000)
}

