# JRE version: 7.0_17-b02
# Java VM: Java HotSpot(TM) 64-Bit Server VM (23.7-b01 mixed mode windows-amd64 compressed oops)
Heap
 PSYoungGen      total 126336K, used 82228K [0x00000000f0000000, 0x00000000fb6f0000, 0x0000000100000000)
  eden space 114752K, 61% used [0x00000000f0000000,0x00000000f4502928,0x00000000f7010000)
  from space 11584K, 99% used [0x00000000f7380000,0x00000000f7eca740,0x00000000f7ed0000)
  to   space 36288K, 0% used [0x00000000f9380000,0x00000000f9380000,0x00000000fb6f0000)
 ParOldGen       total 235776K, used 202255K [0x00000000d0000000, 0x00000000de640000, 0x00000000f0000000)
  object space 235776K, 85% used [0x00000000d0000000,0x00000000dc583f40,0x00000000de640000)
 PSPermGen       total 139712K, used 114295K [0x00000000c0000000, 0x00000000c8870000, 0x00000000d0000000)
  object space 139712K, 81% used [0x00000000c0000000,0x00000000c6f9de58,0x00000000c8870000)
GC Heap History (10 events):
Event: 2096.177 GC heap before
{Heap before GC invocations=71 (full 2):
 PSYoungGen      total 166144K, used 151349K [0x00000000f0000000, 0x00000000fcac0000, 0x0000000100000000)
  eden space 133888K, 100% used [0x00000000f0000000,0x00000000f82c0000,0x00000000f82c0000)
  from space 32256K, 54% used [0x00000000fab40000,0x00000000fbc4d750,0x00000000fcac0000)
  to   space 36864K, 0% used [0x00000000f82c0000,0x00000000f82c0000,0x00000000fa6c0000)
 ParOldGen       total 235776K, used 195112K [0x00000000d0000000, 0x00000000de640000, 0x00000000f0000000)
  object space 235776K, 82% used [0x00000000d0000000,0x00000000dbe8a038,0x00000000de640000)
 PSPermGen       total 139712K, used 110480K [0x00000000c0000000, 0x00000000c8870000, 0x00000000d0000000)
  object space 139712K, 79% used [0x00000000c0000000,0x00000000c6be4018,0x00000000c8870000)
Event: 2096.188 GC heap after
Heap after GC invocations=71 (full 2):
 PSYoungGen      total 145088K, used 15332K [0x00000000f0000000, 0x00000000fc690000, 0x0000000100000000)
  eden space 129728K, 0% used [0x00000000f0000000,0x00000000f0000000,0x00000000f7eb0000)
  from space 15360K, 99% used [0x00000000f82c0000,0x00000000f91b9220,0x00000000f91c0000)
  to   space 36800K, 0% used [0x00000000fa2a0000,0x00000000fa2a0000,0x00000000fc690000)
 ParOldGen       total 235776K, used 195975K [0x00000000d0000000, 0x00000000de640000, 0x00000000f0000000)
  object space 235776K, 83% used [0x00000000d0000000,0x00000000dbf61de0,0x00000000de640000)
 PSPermGen       total 139712K, used 110480K [0x00000000c0000000, 0x00000000c8870000, 0x00000000d0000000)
  object space 139712K, 79% used [0x00000000c0000000,0x00000000c6be4018,0x00000000c8870000)
}
Event: 2156.227 GC heap before
{Heap before GC invocations=72 (full 2):
 PSYoungGen      total 145088K, used 145060K [0x00000000f0000000, 0x00000000fc690000, 0x0000000100000000)
  eden space 129728K, 100% used [0x00000000f0000000,0x00000000f7eb0000,0x00000000f7eb0000)
  from space 15360K, 99% used [0x00000000f82c0000,0x00000000f91b9220,0x00000000f91c0000)
  to   space 36800K, 0% used [0x00000000fa2a0000,0x00000000fa2a0000,0x00000000fc690000)
 ParOldGen       total 235776K, used 195975K [0x00000000d0000000, 0x00000000de640000, 0x00000000f0000000)
  object space 235776K, 83% used [0x00000000d0000000,0x00000000dbf61de0,0x00000000de640000)
 PSPermGen       total 139712K, used 110489K [0x00000000c0000000, 0x00000000c8870000, 0x00000000d0000000)
  object space 139712K, 79% used [0x00000000c0000000,0x00000000c6be66c0,0x00000000c8870000)
Event: 2156.254 GC heap after
Heap after GC invocations=72 (full 2):
 PSYoungGen      total 158592K, used 13999K [0x00000000f0000000, 0x00000000fc2b0000, 0x0000000100000000)
  eden space 125760K, 0% used [0x00000000f0000000,0x00000000f0000000,0x00000000f7ad0000)
  from space 32832K, 42% used [0x00000000fa2a0000,0x00000000fb04bc18,0x00000000fc2b0000)
  to   space 36800K, 0% used [0x00000000f7ad0000,0x00000000f7ad0000,0x00000000f9ec0000)
 ParOldGen       total 235776K, used 196755K [0x00000000d0000000, 0x00000000de640000, 0x00000000f0000000)
  object space 235776K, 83% used [0x00000000d0000000,0x00000000dc024d88,0x00000000de640000)
 PSPermGen       total 139712K, used 110489K [0x00000000c0000000, 0x00000000c8870000, 0x00000000d0000000)
  object space 139712K, 79% used [0x00000000c0000000,0x00000000c6be66c0,0x00000000c8870000)
}
Event: 2170.743 GC heap before
{Heap before GC invocations=73 (full 2):
 PSYoungGen      total 158592K, used 139759K [0x00000000f0000000, 0x00000000fc2b0000, 0x0000000100000000)
  eden space 125760K, 100% used [0x00000000f0000000,0x00000000f7ad0000,0x00000000f7ad0000)
  from space 32832K, 42% used [0x00000000fa2a0000,0x00000000fb04bc18,0x00000000fc2b0000)
  to   space 36800K, 0% used [0x00000000f7ad0000,0x00000000f7ad0000,0x00000000f9ec0000)
 ParOldGen       total 235776K, used 196755K [0x00000000d0000000, 0x00000000de640000, 0x00000000f0000000)
  object space 235776K, 83% used [0x00000000d0000000,0x00000000dc024d88,0x00000000de640000)
 PSPermGen       total 139712K, used 110530K [0x00000000c0000000, 0x00000000c8870000, 0x00000000d0000000)
  object space 139712K, 79% used [0x00000000c0000000,0x00000000c6bf09b0,0x00000000c8870000)
Event: 2170.756 GC heap after
Heap after GC invocations=73 (full 2):
 PSYoungGen      total 134720K, used 12747K [0x00000000f0000000, 0x00000000fbed0000, 0x0000000100000000)
  eden space 121920K, 0% used [0x00000000f0000000,0x00000000f0000000,0x00000000f7710000)
  from space 12800K, 99% used [0x00000000f7ad0000,0x00000000f8742ed0,0x00000000f8750000)
  to   space 36736K, 0% used [0x00000000f9af0000,0x00000000f9af0000,0x00000000fbed0000)
 ParOldGen       total 235776K, used 197816K [0x00000000d0000000, 0x00000000de640000, 0x00000000f0000000)
  object space 235776K, 83% used [0x00000000d0000000,0x00000000dc12e1c8,0x00000000de640000)
 PSPermGen       total 139712K, used 110530K [0x00000000c0000000, 0x00000000c8870000, 0x00000000d0000000)
  object space 139712K, 79% used [0x00000000c0000000,0x00000000c6bf09b0,0x00000000c8870000)
}
Event: 2212.654 GC heap before
{Heap before GC invocations=74 (full 2):
 PSYoungGen      total 134720K, used 134667K [0x00000000f0000000, 0x00000000fbed0000, 0x0000000100000000)
  eden space 121920K, 100% used [0x00000000f0000000,0x00000000f7710000,0x00000000f7710000)
  from space 12800K, 99% used [0x00000000f7ad0000,0x00000000f8742ed0,0x00000000f8750000)
  to   space 36736K, 0% used [0x00000000f9af0000,0x00000000f9af0000,0x00000000fbed0000)
 ParOldGen       total 235776K, used 197816K [0x00000000d0000000, 0x00000000de640000, 0x00000000f0000000)
  object space 235776K, 83% used [0x00000000d0000000,0x00000000dc12e1c8,0x00000000de640000)
 PSPermGen       total 139712K, used 110533K [0x00000000c0000000, 0x00000000c8870000, 0x00000000d0000000)
  object space 139712K, 79% used [0x00000000c0000000,0x00000000c6bf14c0,0x00000000c8870000)
Event: 2212.664 GC heap after
Heap after GC invocations=74 (full 2):
 PSYoungGen      total 150976K, used 12448K [0x00000000f0000000, 0x00000000fbae0000, 0x0000000100000000)
  eden space 118272K, 0% used [0x00000000f0000000,0x00000000f0000000,0x00000000f7380000)
  from space 32704K, 38% used [0x00000000f9af0000,0x00000000fa7183f0,0x00000000fbae0000)
  to   space 36544K, 0% used [0x00000000f7380000,0x00000000f7380000,0x00000000f9730000)
 ParOldGen       total 235776K, used 198078K [0x00000000d0000000, 0x00000000de640000, 0x00000000f0000000)
  object space 235776K, 84% used [0x00000000d0000000,0x00000000dc16f898,0x00000000de640000)
 PSPermGen       total 139712K, used 110533K [0x00000000c0000000, 0x00000000c8870000, 0x00000000d0000000)
  object space 139712K, 79% used [0x00000000c0000000,0x00000000c6bf14c0,0x00000000c8870000)
}
Event: 2345.280 GC heap before
{Heap before GC invocations=75 (full 2):
 PSYoungGen      total 150976K, used 122320K [0x00000000f0000000, 0x00000000fbae0000, 0x0000000100000000)
  eden space 118272K, 92% used [0x00000000f0000000,0x00000000f6b4bde0,0x00000000f7380000)
  from space 32704K, 38% used [0x00000000f9af0000,0x00000000fa7183f0,0x00000000fbae0000)
  to   space 36544K, 0% used [0x00000000f7380000,0x00000000f7380000,0x00000000f9730000)
 ParOldGen       total 235776K, used 198078K [0x00000000d0000000, 0x00000000de640000, 0x00000000f0000000)
  object space 235776K, 84% used [0x00000000d0000000,0x00000000dc16f898,0x00000000de640000)
 PSPermGen       total 139712K, used 112872K [0x00000000c0000000, 0x00000000c8870000, 0x00000000d0000000)
  object space 139712K, 80% used [0x00000000c0000000,0x00000000c6e3a0d0,0x00000000c8870000)
Event: 2345.290 GC heap after
Heap after GC invocations=75 (full 2):
 PSYoungGen      total 126336K, used 11561K [0x00000000f0000000, 0x00000000fb6f0000, 0x0000000100000000)
  eden space 114752K, 0% used [0x00000000f0000000,0x00000000f0000000,0x00000000f7010000)
  from space 11584K, 99% used [0x00000000f7380000,0x00000000f7eca740,0x00000000f7ed0000)
  to   space 36288K, 0% used [0x00000000f9380000,0x00000000f9380000,0x00000000fb6f0000)
 ParOldGen       total 235776K, used 202255K [0x00000000d0000000, 0x00000000de640000, 0x00000000f0000000)
  object space 235776K, 85% used [0x00000000d0000000,0x00000000dc583f40,0x00000000de640000)
 PSPermGen       total 139712K, used 112872K [0x00000000c0000000, 0x00000000c8870000, 0x00000000d0000000)
  object space 139712K, 80% used [0x00000000c0000000,0x00000000c6e3a0d0,0x00000000c8870000)
}

