# JRE version: 7.0_17-b02
# Java VM: Java HotSpot(TM) 64-Bit Server VM (23.7-b01 mixed mode windows-amd64 compressed oops)
Heap
 PSYoungGen      total 129152K, used 33042K [0x00000000f0000000, 0x00000000f9e10000, 0x0000000100000000)
  eden space 103616K, 14% used [0x00000000f0000000,0x00000000f0efc8b0,0x00000000f6530000)
  from space 25536K, 69% used [0x00000000f8520000,0x00000000f9668210,0x00000000f9e10000)
  to   space 29120K, 0% used [0x00000000f6530000,0x00000000f6530000,0x00000000f81a0000)
 ParOldGen       total 235456K, used 178874K [0x00000000d0000000, 0x00000000de5f0000, 0x00000000f0000000)
  object space 235456K, 75% used [0x00000000d0000000,0x00000000daeaead8,0x00000000de5f0000)
 PSPermGen       total 134720K, used 106208K [0x00000000c0000000, 0x00000000c8390000, 0x00000000d0000000)
  object space 134720K, 78% used [0x00000000c0000000,0x00000000c67b81c8,0x00000000c8390000)
GC Heap History (10 events):
Event: 33767.806 GC heap before
{Heap before GC invocations=88 (full 2):
 PSYoungGen      total 137856K, used 131455K [0x00000000f0000000, 0x00000000fb910000, 0x0000000100000000)
  eden space 119744K, 94% used [0x00000000f0000000,0x00000000f6eb4d00,0x00000000f74f0000)
  from space 18112K, 99% used [0x00000000f7880000,0x00000000f8a2b0b8,0x00000000f8a30000)
  to   space 34880K, 0% used [0x00000000f9700000,0x00000000f9700000,0x00000000fb910000)
 ParOldGen       total 235456K, used 175790K [0x00000000d0000000, 0x00000000de5f0000, 0x00000000f0000000)
  object space 235456K, 74% used [0x00000000d0000000,0x00000000dababa98,0x00000000de5f0000)
 PSPermGen       total 134720K, used 102135K [0x00000000c0000000, 0x00000000c8390000, 0x00000000d0000000)
  object space 134720K, 75% used [0x00000000c0000000,0x00000000c63bdc10,0x00000000c8390000)
Event: 33767.818 GC heap after
Heap after GC invocations=88 (full 2):
 PSYoungGen      total 145152K, used 12264K [0x00000000f0000000, 0x00000000fb340000, 0x0000000100000000)
  eden space 116224K, 0% used [0x00000000f0000000,0x00000000f0000000,0x00000000f7180000)
  from space 28928K, 42% used [0x00000000f9700000,0x00000000fa2fa238,0x00000000fb340000)
  to   space 33664K, 0% used [0x00000000f7180000,0x00000000f7180000,0x00000000f9260000)
 ParOldGen       total 235456K, used 176054K [0x00000000d0000000, 0x00000000de5f0000, 0x00000000f0000000)
  object space 235456K, 74% used [0x00000000d0000000,0x00000000dabeda98,0x00000000de5f0000)
 PSPermGen       total 134720K, used 102135K [0x00000000c0000000, 0x00000000c8390000, 0x00000000d0000000)
  object space 134720K, 75% used [0x00000000c0000000,0x00000000c63bdc10,0x00000000c8390000)
}
Event: 33867.377 GC heap before
{Heap before GC invocations=89 (full 2):
 PSYoungGen      total 145152K, used 120775K [0x00000000f0000000, 0x00000000fb340000, 0x0000000100000000)
  eden space 116224K, 93% used [0x00000000f0000000,0x00000000f69f7b50,0x00000000f7180000)
  from space 28928K, 42% used [0x00000000f9700000,0x00000000fa2fa238,0x00000000fb340000)
  to   space 33664K, 0% used [0x00000000f7180000,0x00000000f7180000,0x00000000f9260000)
 ParOldGen       total 235456K, used 176054K [0x00000000d0000000, 0x00000000de5f0000, 0x00000000f0000000)
  object space 235456K, 74% used [0x00000000d0000000,0x00000000dabeda98,0x00000000de5f0000)
 PSPermGen       total 134720K, used 103113K [0x00000000c0000000, 0x00000000c8390000, 0x00000000d0000000)
  object space 134720K, 76% used [0x00000000c0000000,0x00000000c64b24e0,0x00000000c8390000)
Event: 33867.401 GC heap after
Heap after GC invocations=89 (full 2):
 PSYoungGen      total 125760K, used 12874K [0x00000000f0000000, 0x00000000fad50000, 0x0000000100000000)
  eden space 112832K, 0% used [0x00000000f0000000,0x00000000f0000000,0x00000000f6e30000)
  from space 12928K, 99% used [0x00000000f7180000,0x00000000f7e12928,0x00000000f7e20000)
  to   space 32320K, 0% used [0x00000000f8dc0000,0x00000000f8dc0000,0x00000000fad50000)
 ParOldGen       total 235456K, used 176388K [0x00000000d0000000, 0x00000000de5f0000, 0x00000000f0000000)
  object space 235456K, 74% used [0x00000000d0000000,0x00000000dac412b8,0x00000000de5f0000)
 PSPermGen       total 134720K, used 103113K [0x00000000c0000000, 0x00000000c8390000, 0x00000000d0000000)
  object space 134720K, 76% used [0x00000000c0000000,0x00000000c64b24e0,0x00000000c8390000)
}
Event: 33885.653 GC heap before
{Heap before GC invocations=90 (full 2):
 PSYoungGen      total 125760K, used 116826K [0x00000000f0000000, 0x00000000fad50000, 0x0000000100000000)
  eden space 112832K, 92% used [0x00000000f0000000,0x00000000f6584040,0x00000000f6e30000)
  from space 12928K, 99% used [0x00000000f7180000,0x00000000f7e12928,0x00000000f7e20000)
  to   space 32320K, 0% used [0x00000000f8dc0000,0x00000000f8dc0000,0x00000000fad50000)
 ParOldGen       total 235456K, used 176388K [0x00000000d0000000, 0x00000000de5f0000, 0x00000000f0000000)
  object space 235456K, 74% used [0x00000000d0000000,0x00000000dac412b8,0x00000000de5f0000)
 PSPermGen       total 134720K, used 104107K [0x00000000c0000000, 0x00000000c8390000, 0x00000000d0000000)
  object space 134720K, 77% used [0x00000000c0000000,0x00000000c65aaf00,0x00000000c8390000)
Event: 33885.662 GC heap after
Heap after GC invocations=90 (full 2):
 PSYoungGen      total 135424K, used 15390K [0x00000000f0000000, 0x00000000fa6f0000, 0x0000000100000000)
  eden space 109632K, 0% used [0x00000000f0000000,0x00000000f0000000,0x00000000f6b10000)
  from space 25792K, 59% used [0x00000000f8dc0000,0x00000000f9cc78a0,0x00000000fa6f0000)
  to   space 30656K, 0% used [0x00000000f6b10000,0x00000000f6b10000,0x00000000f8900000)
 ParOldGen       total 235456K, used 176673K [0x00000000d0000000, 0x00000000de5f0000, 0x00000000f0000000)
  object space 235456K, 75% used [0x00000000d0000000,0x00000000dac88758,0x00000000de5f0000)
 PSPermGen       total 134720K, used 104107K [0x00000000c0000000, 0x00000000c8390000, 0x00000000d0000000)
  object space 134720K, 77% used [0x00000000c0000000,0x00000000c65aaf00,0x00000000c8390000)
}
Event: 33976.168 GC heap before
{Heap before GC invocations=91 (full 2):
 PSYoungGen      total 135424K, used 124977K [0x00000000f0000000, 0x00000000fa6f0000, 0x0000000100000000)
  eden space 109632K, 99% used [0x00000000f0000000,0x00000000f6b04e38,0x00000000f6b10000)
  from space 25792K, 59% used [0x00000000f8dc0000,0x00000000f9cc78a0,0x00000000fa6f0000)
  to   space 30656K, 0% used [0x00000000f6b10000,0x00000000f6b10000,0x00000000f8900000)
 ParOldGen       total 235456K, used 176673K [0x00000000d0000000, 0x00000000de5f0000, 0x00000000f0000000)
  object space 235456K, 75% used [0x00000000d0000000,0x00000000dac88758,0x00000000de5f0000)
 PSPermGen       total 134720K, used 105082K [0x00000000c0000000, 0x00000000c8390000, 0x00000000d0000000)
  object space 134720K, 78% used [0x00000000c0000000,0x00000000c669ebf8,0x00000000c8390000)
Event: 33976.192 GC heap after
Heap after GC invocations=91 (full 2):
 PSYoungGen      total 123712K, used 17146K [0x00000000f0000000, 0x00000000fa230000, 0x0000000100000000)
  eden space 106560K, 0% used [0x00000000f0000000,0x00000000f0000000,0x00000000f6810000)
  from space 17152K, 99% used [0x00000000f6b10000,0x00000000f7bce918,0x00000000f7bd0000)
  to   space 29760K, 0% used [0x00000000f8520000,0x00000000f8520000,0x00000000fa230000)
 ParOldGen       total 235456K, used 177200K [0x00000000d0000000, 0x00000000de5f0000, 0x00000000f0000000)
  object space 235456K, 75% used [0x00000000d0000000,0x00000000dad0c230,0x00000000de5f0000)
 PSPermGen       total 134720K, used 105082K [0x00000000c0000000, 0x00000000c8390000, 0x00000000d0000000)
  object space 134720K, 78% used [0x00000000c0000000,0x00000000c669ebf8,0x00000000c8390000)
}
Event: 34070.886 GC heap before
{Heap before GC invocations=92 (full 2):
 PSYoungGen      total 123712K, used 123706K [0x00000000f0000000, 0x00000000fa230000, 0x0000000100000000)
  eden space 106560K, 100% used [0x00000000f0000000,0x00000000f6810000,0x00000000f6810000)
  from space 17152K, 99% used [0x00000000f6b10000,0x00000000f7bce918,0x00000000f7bd0000)
  to   space 29760K, 0% used [0x00000000f8520000,0x00000000f8520000,0x00000000fa230000)
 ParOldGen       total 235456K, used 177200K [0x00000000d0000000, 0x00000000de5f0000, 0x00000000f0000000)
  object space 235456K, 75% used [0x00000000d0000000,0x00000000dad0c230,0x00000000de5f0000)
 PSPermGen       total 134720K, used 106201K [0x00000000c0000000, 0x00000000c8390000, 0x00000000d0000000)
  object space 134720K, 78% used [0x00000000c0000000,0x00000000c67b67f0,0x00000000c8390000)
Event: 34070.897 GC heap after
Heap after GC invocations=92 (full 2):
 PSYoungGen      total 129152K, used 17696K [0x00000000f0000000, 0x00000000f9e10000, 0x0000000100000000)
  eden space 103616K, 0% used [0x00000000f0000000,0x00000000f0000000,0x00000000f6530000)
  from space 25536K, 69% used [0x00000000f8520000,0x00000000f9668210,0x00000000f9e10000)
  to   space 29120K, 0% used [0x00000000f6530000,0x00000000f6530000,0x00000000f81a0000)
 ParOldGen       total 235456K, used 178874K [0x00000000d0000000, 0x00000000de5f0000, 0x00000000f0000000)
  object space 235456K, 75% used [0x00000000d0000000,0x00000000daeaead8,0x00000000de5f0000)
 PSPermGen       total 134720K, used 106201K [0x00000000c0000000, 0x00000000c8390000, 0x00000000d0000000)
  object space 134720K, 78% used [0x00000000c0000000,0x00000000c67b67f0,0x00000000c8390000)
}

