# JRE version: 7.0_17-b02
# Java VM: Java HotSpot(TM) 64-Bit Server VM (23.7-b01 mixed mode windows-amd64 compressed oops)
Heap
 PSYoungGen      total 233728K, used 79247K [0x00000000f0000000, 0x0000000100000000, 0x0000000100000000)
  eden space 205312K, 24% used [0x00000000f0000000,0x00000000f31aa2f0,0x00000000fc880000)
  from space 28416K, 99% used [0x00000000fc880000,0x00000000fe439988,0x00000000fe440000)
  to   space 28416K, 0% used [0x00000000fe440000,0x00000000fe440000,0x0000000100000000)
 ParOldGen       total 242496K, used 165319K [0x00000000d0000000, 0x00000000decd0000, 0x00000000f0000000)
  object space 242496K, 68% used [0x00000000d0000000,0x00000000da171fb0,0x00000000decd0000)
 PSPermGen       total 140032K, used 106930K [0x00000000c0000000, 0x00000000c88c0000, 0x00000000d0000000)
  object space 140032K, 76% used [0x00000000c0000000,0x00000000c686cb08,0x00000000c88c0000)
GC Heap History (10 events):
Event: 22.411 GC heap before
{Heap before GC invocations=41 (full 2):
 PSYoungGen      total 242624K, used 242610K [0x00000000f0000000, 0x0000000100000000, 0x0000000100000000)
  eden space 227584K, 100% used [0x00000000f0000000,0x00000000fde40000,0x00000000fde40000)
  from space 15040K, 99% used [0x00000000ff150000,0x00000000ffffc9c0,0x0000000100000000)
  to   space 17280K, 0% used [0x00000000fde40000,0x00000000fde40000,0x00000000fef20000)
 ParOldGen       total 242496K, used 148854K [0x00000000d0000000, 0x00000000decd0000, 0x00000000f0000000)
  object space 242496K, 61% used [0x00000000d0000000,0x00000000d915da88,0x00000000decd0000)
 PSPermGen       total 140032K, used 89903K [0x00000000c0000000, 0x00000000c88c0000, 0x00000000d0000000)
  object space 140032K, 64% used [0x00000000c0000000,0x00000000c57cbe30,0x00000000c88c0000)
Event: 22.423 GC heap after
Heap after GC invocations=41 (full 2):
 PSYoungGen      total 241984K, used 14391K [0x00000000f0000000, 0x0000000100000000, 0x0000000100000000)
  eden space 227584K, 0% used [0x00000000f0000000,0x00000000f0000000,0x00000000fde40000)
  from space 14400K, 99% used [0x00000000fde40000,0x00000000fec4de38,0x00000000fec50000)
  to   space 18752K, 0% used [0x00000000fedb0000,0x00000000fedb0000,0x0000000100000000)
 ParOldGen       total 242496K, used 152666K [0x00000000d0000000, 0x00000000decd0000, 0x00000000f0000000)
  object space 242496K, 62% used [0x00000000d0000000,0x00000000d9516a58,0x00000000decd0000)
 PSPermGen       total 140032K, used 89903K [0x00000000c0000000, 0x00000000c88c0000, 0x00000000d0000000)
  object space 140032K, 64% used [0x00000000c0000000,0x00000000c57cbe30,0x00000000c88c0000)
}
Event: 23.133 GC heap before
{Heap before GC invocations=42 (full 2):
 PSYoungGen      total 241984K, used 239839K [0x00000000f0000000, 0x0000000100000000, 0x0000000100000000)
  eden space 227584K, 99% used [0x00000000f0000000,0x00000000fdc29df8,0x00000000fde40000)
  from space 14400K, 99% used [0x00000000fde40000,0x00000000fec4de38,0x00000000fec50000)
  to   space 18752K, 0% used [0x00000000fedb0000,0x00000000fedb0000,0x0000000100000000)
 ParOldGen       total 242496K, used 152666K [0x00000000d0000000, 0x00000000decd0000, 0x00000000f0000000)
  object space 242496K, 62% used [0x00000000d0000000,0x00000000d9516a58,0x00000000decd0000)
 PSPermGen       total 140032K, used 90985K [0x00000000c0000000, 0x00000000c88c0000, 0x00000000d0000000)
  object space 140032K, 64% used [0x00000000c0000000,0x00000000c58da5b8,0x00000000c88c0000)
Event: 23.145 GC heap after
Heap after GC invocations=42 (full 2):
 PSYoungGen      total 238528K, used 17756K [0x00000000f0000000, 0x0000000100000000, 0x0000000100000000)
  eden space 219776K, 0% used [0x00000000f0000000,0x00000000f0000000,0x00000000fd6a0000)
  from space 18752K, 94% used [0x00000000fedb0000,0x00000000fff073c0,0x0000000100000000)
  to   space 21184K, 0% used [0x00000000fd6a0000,0x00000000fd6a0000,0x00000000feb50000)
 ParOldGen       total 242496K, used 152666K [0x00000000d0000000, 0x00000000decd0000, 0x00000000f0000000)
  object space 242496K, 62% used [0x00000000d0000000,0x00000000d9516a58,0x00000000decd0000)
 PSPermGen       total 140032K, used 90985K [0x00000000c0000000, 0x00000000c88c0000, 0x00000000d0000000)
  object space 140032K, 64% used [0x00000000c0000000,0x00000000c58da5b8,0x00000000c88c0000)
}
Event: 23.792 GC heap before
{Heap before GC invocations=43 (full 2):
 PSYoungGen      total 238528K, used 227866K [0x00000000f0000000, 0x0000000100000000, 0x0000000100000000)
  eden space 219776K, 95% used [0x00000000f0000000,0x00000000fcd2f5d8,0x00000000fd6a0000)
  from space 18752K, 94% used [0x00000000fedb0000,0x00000000fff073c0,0x0000000100000000)
  to   space 21184K, 0% used [0x00000000fd6a0000,0x00000000fd6a0000,0x00000000feb50000)
 ParOldGen       total 242496K, used 152666K [0x00000000d0000000, 0x00000000decd0000, 0x00000000f0000000)
  object space 242496K, 62% used [0x00000000d0000000,0x00000000d9516a58,0x00000000decd0000)
 PSPermGen       total 140032K, used 92259K [0x00000000c0000000, 0x00000000c88c0000, 0x00000000d0000000)
  object space 140032K, 65% used [0x00000000c0000000,0x00000000c5a18fe0,0x00000000c88c0000)
Event: 23.805 GC heap after
Heap after GC invocations=43 (full 2):
 PSYoungGen      total 240384K, used 20573K [0x00000000f0000000, 0x0000000100000000, 0x0000000100000000)
  eden space 219776K, 0% used [0x00000000f0000000,0x00000000f0000000,0x00000000fd6a0000)
  from space 20608K, 99% used [0x00000000fd6a0000,0x00000000feab7740,0x00000000feac0000)
  to   space 21760K, 0% used [0x00000000feac0000,0x00000000feac0000,0x0000000100000000)
 ParOldGen       total 242496K, used 152666K [0x00000000d0000000, 0x00000000decd0000, 0x00000000f0000000)
  object space 242496K, 62% used [0x00000000d0000000,0x00000000d9516a58,0x00000000decd0000)
 PSPermGen       total 140032K, used 92259K [0x00000000c0000000, 0x00000000c88c0000, 0x00000000d0000000)
  object space 140032K, 65% used [0x00000000c0000000,0x00000000c5a18fe0,0x00000000c88c0000)
}
Event: 178.439 GC heap before
{Heap before GC invocations=44 (full 2):
 PSYoungGen      total 240384K, used 240334K [0x00000000f0000000, 0x0000000100000000, 0x0000000100000000)
  eden space 219776K, 99% used [0x00000000f0000000,0x00000000fd69c438,0x00000000fd6a0000)
  from space 20608K, 99% used [0x00000000fd6a0000,0x00000000feab7740,0x00000000feac0000)
  to   space 21760K, 0% used [0x00000000feac0000,0x00000000feac0000,0x0000000100000000)
 ParOldGen       total 242496K, used 152666K [0x00000000d0000000, 0x00000000decd0000, 0x00000000f0000000)
  object space 242496K, 62% used [0x00000000d0000000,0x00000000d9516a58,0x00000000decd0000)
 PSPermGen       total 140032K, used 94208K [0x00000000c0000000, 0x00000000c88c0000, 0x00000000d0000000)
  object space 140032K, 67% used [0x00000000c0000000,0x00000000c5c003f8,0x00000000c88c0000)
Event: 178.458 GC heap after
Heap after GC invocations=44 (full 2):
 PSYoungGen      total 227072K, used 21738K [0x00000000f0000000, 0x0000000100000000, 0x0000000100000000)
  eden space 205312K, 0% used [0x00000000f0000000,0x00000000f0000000,0x00000000fc880000)
  from space 21760K, 99% used [0x00000000feac0000,0x00000000ffffabc8,0x0000000100000000)
  to   space 28416K, 0% used [0x00000000fc880000,0x00000000fc880000,0x00000000fe440000)
 ParOldGen       total 242496K, used 156547K [0x00000000d0000000, 0x00000000decd0000, 0x00000000f0000000)
  object space 242496K, 64% used [0x00000000d0000000,0x00000000d98e0c80,0x00000000decd0000)
 PSPermGen       total 140032K, used 94208K [0x00000000c0000000, 0x00000000c88c0000, 0x00000000d0000000)
  object space 140032K, 67% used [0x00000000c0000000,0x00000000c5c003f8,0x00000000c88c0000)
}
Event: 182.224 GC heap before
{Heap before GC invocations=45 (full 2):
 PSYoungGen      total 227072K, used 227050K [0x00000000f0000000, 0x0000000100000000, 0x0000000100000000)
  eden space 205312K, 100% used [0x00000000f0000000,0x00000000fc880000,0x00000000fc880000)
  from space 21760K, 99% used [0x00000000feac0000,0x00000000ffffabc8,0x0000000100000000)
  to   space 28416K, 0% used [0x00000000fc880000,0x00000000fc880000,0x00000000fe440000)
 ParOldGen       total 242496K, used 156547K [0x00000000d0000000, 0x00000000decd0000, 0x00000000f0000000)
  object space 242496K, 64% used [0x00000000d0000000,0x00000000d98e0c80,0x00000000decd0000)
 PSPermGen       total 140032K, used 104877K [0x00000000c0000000, 0x00000000c88c0000, 0x00000000d0000000)
  object space 140032K, 74% used [0x00000000c0000000,0x00000000c666b4b0,0x00000000c88c0000)
Event: 182.243 GC heap after
Heap after GC invocations=45 (full 2):
 PSYoungGen      total 233728K, used 28390K [0x00000000f0000000, 0x0000000100000000, 0x0000000100000000)
  eden space 205312K, 0% used [0x00000000f0000000,0x00000000f0000000,0x00000000fc880000)
  from space 28416K, 99% used [0x00000000fc880000,0x00000000fe439988,0x00000000fe440000)
  to   space 28416K, 0% used [0x00000000fe440000,0x00000000fe440000,0x0000000100000000)
 ParOldGen       total 242496K, used 165319K [0x00000000d0000000, 0x00000000decd0000, 0x00000000f0000000)
  object space 242496K, 68% used [0x00000000d0000000,0x00000000da171fb0,0x00000000decd0000)
 PSPermGen       total 140032K, used 104877K [0x00000000c0000000, 0x00000000c88c0000, 0x00000000d0000000)
  object space 140032K, 74% used [0x00000000c0000000,0x00000000c666b4b0,0x00000000c88c0000)
}

