# JRE version: Java(TM) SE Runtime Environment (7.0_79-b15) (build 1.7.0_79-b15)
# Java VM: Java HotSpot(TM) 64-Bit Server VM (24.79-b02 mixed mode windows-amd64 compressed oops)
Heap
 PSYoungGen      total 235520K, used 117588K [0x00000000f0000000, 0x00000000ffc80000, 0x0000000100000000)
  eden space 212480K, 50% used [0x00000000f0000000,0x00000000f683cb80,0x00000000fcf80000)
  from space 23040K, 47% used [0x00000000fcf80000,0x00000000fda18688,0x00000000fe600000)
  to   space 22016K, 0% used [0x00000000fe700000,0x00000000fe700000,0x00000000ffc80000)
 ParOldGen       total 345088K, used 209224K [0x00000000d0000000, 0x00000000e5100000, 0x00000000f0000000)
  object space 345088K, 60% used [0x00000000d0000000,0x00000000dcc522c8,0x00000000e5100000)
 PSPermGen       total 161280K, used 101452K [0x00000000c0000000, 0x00000000c9d80000, 0x00000000d0000000)
  object space 161280K, 62% used [0x00000000c0000000,0x00000000c6313318,0x00000000c9d80000)
GC Heap History (10 events):
Event: 38.481 GC heap before
{Heap before GC invocations=45 (full 2):
 PSYoungGen      total 230912K, used 1471K [0x00000000f0000000, 0x0000000100000000, 0x0000000100000000)
  eden space 205312K, 0% used [0x00000000f0000000,0x00000000f0000000,0x00000000fc880000)
  from space 25600K, 5% used [0x00000000fc880000,0x00000000fc9eff18,0x00000000fe180000)
  to   space 26112K, 0% used [0x00000000fe680000,0x00000000fe680000,0x0000000100000000)
 ParOldGen       total 222208K, used 213356K [0x00000000d0000000, 0x00000000dd900000, 0x00000000f0000000)
  object space 222208K, 96% used [0x00000000d0000000,0x00000000dd05b2c0,0x00000000dd900000)
 PSPermGen       total 118272K, used 96611K [0x00000000c0000000, 0x00000000c7380000, 0x00000000d0000000)
  object space 118272K, 81% used [0x00000000c0000000,0x00000000c5e58e00,0x00000000c7380000)
Event: 39.539 GC heap after
Heap after GC invocations=45 (full 2):
 PSYoungGen      total 230912K, used 0K [0x00000000f0000000, 0x0000000100000000, 0x0000000100000000)
  eden space 205312K, 0% used [0x00000000f0000000,0x00000000f0000000,0x00000000fc880000)
  from space 25600K, 0% used [0x00000000fc880000,0x00000000fc880000,0x00000000fe180000)
  to   space 26112K, 0% used [0x00000000fe680000,0x00000000fe680000,0x0000000100000000)
 ParOldGen       total 345088K, used 209224K [0x00000000d0000000, 0x00000000e5100000, 0x00000000f0000000)
  object space 345088K, 60% used [0x00000000d0000000,0x00000000dcc522c8,0x00000000e5100000)
 PSPermGen       total 161280K, used 96604K [0x00000000c0000000, 0x00000000c9d80000, 0x00000000d0000000)
  object space 161280K, 59% used [0x00000000c0000000,0x00000000c5e57048,0x00000000c9d80000)
}
Event: 39.873 GC heap before
{Heap before GC invocations=46 (full 2):
 PSYoungGen      total 230912K, used 199062K [0x00000000f0000000, 0x0000000100000000, 0x0000000100000000)
  eden space 205312K, 96% used [0x00000000f0000000,0x00000000fc265bd0,0x00000000fc880000)
  from space 25600K, 0% used [0x00000000fc880000,0x00000000fc880000,0x00000000fe180000)
  to   space 26112K, 0% used [0x00000000fe680000,0x00000000fe680000,0x0000000100000000)
 ParOldGen       total 345088K, used 209224K [0x00000000d0000000, 0x00000000e5100000, 0x00000000f0000000)
  object space 345088K, 60% used [0x00000000d0000000,0x00000000dcc522c8,0x00000000e5100000)
 PSPermGen       total 161280K, used 97523K [0x00000000c0000000, 0x00000000c9d80000, 0x00000000d0000000)
  object space 161280K, 60% used [0x00000000c0000000,0x00000000c5f3cde8,0x00000000c9d80000)
Event: 39.880 GC heap after
Heap after GC invocations=46 (full 2):
 PSYoungGen      total 236032K, used 3964K [0x00000000f0000000, 0x00000000fff80000, 0x0000000100000000)
  eden space 210432K, 0% used [0x00000000f0000000,0x00000000f0000000,0x00000000fcd80000)
  from space 25600K, 15% used [0x00000000fe680000,0x00000000fea5f1a8,0x00000000fff80000)
  to   space 25600K, 0% used [0x00000000fcd80000,0x00000000fcd80000,0x00000000fe680000)
 ParOldGen       total 345088K, used 209224K [0x00000000d0000000, 0x00000000e5100000, 0x00000000f0000000)
  object space 345088K, 60% used [0x00000000d0000000,0x00000000dcc522c8,0x00000000e5100000)
 PSPermGen       total 161280K, used 97523K [0x00000000c0000000, 0x00000000c9d80000, 0x00000000d0000000)
  object space 161280K, 60% used [0x00000000c0000000,0x00000000c5f3cde8,0x00000000c9d80000)
}
Event: 40.312 GC heap before
{Heap before GC invocations=47 (full 2):
 PSYoungGen      total 236032K, used 213947K [0x00000000f0000000, 0x00000000fff80000, 0x0000000100000000)
  eden space 210432K, 99% used [0x00000000f0000000,0x00000000fcd0fd40,0x00000000fcd80000)
  from space 25600K, 15% used [0x00000000fe680000,0x00000000fea5f1a8,0x00000000fff80000)
  to   space 25600K, 0% used [0x00000000fcd80000,0x00000000fcd80000,0x00000000fe680000)
 ParOldGen       total 345088K, used 209224K [0x00000000d0000000, 0x00000000e5100000, 0x00000000f0000000)
  object space 345088K, 60% used [0x00000000d0000000,0x00000000dcc522c8,0x00000000e5100000)
 PSPermGen       total 161280K, used 98927K [0x00000000c0000000, 0x00000000c9d80000, 0x00000000d0000000)
  object space 161280K, 61% used [0x00000000c0000000,0x00000000c609bca0,0x00000000c9d80000)
Event: 40.322 GC heap after
Heap after GC invocations=47 (full 2):
 PSYoungGen      total 218112K, used 7630K [0x00000000f0000000, 0x00000000ffe00000, 0x0000000100000000)
  eden space 210432K, 0% used [0x00000000f0000000,0x00000000f0000000,0x00000000fcd80000)
  from space 7680K, 99% used [0x00000000fcd80000,0x00000000fd4f3990,0x00000000fd500000)
  to   space 24576K, 0% used [0x00000000fe600000,0x00000000fe600000,0x00000000ffe00000)
 ParOldGen       total 345088K, used 209224K [0x00000000d0000000, 0x00000000e5100000, 0x00000000f0000000)
  object space 345088K, 60% used [0x00000000d0000000,0x00000000dcc522c8,0x00000000e5100000)
 PSPermGen       total 161280K, used 98927K [0x00000000c0000000, 0x00000000c9d80000, 0x00000000d0000000)
  object space 161280K, 61% used [0x00000000c0000000,0x00000000c609bca0,0x00000000c9d80000)
}
Event: 40.485 GC heap before
{Heap before GC invocations=48 (full 2):
 PSYoungGen      total 218112K, used 212171K [0x00000000f0000000, 0x00000000ffe00000, 0x0000000100000000)
  eden space 210432K, 97% used [0x00000000f0000000,0x00000000fc7bf458,0x00000000fcd80000)
  from space 7680K, 99% used [0x00000000fcd80000,0x00000000fd4f3990,0x00000000fd500000)
  to   space 24576K, 0% used [0x00000000fe600000,0x00000000fe600000,0x00000000ffe00000)
 ParOldGen       total 345088K, used 209224K [0x00000000d0000000, 0x00000000e5100000, 0x00000000f0000000)
  object space 345088K, 60% used [0x00000000d0000000,0x00000000dcc522c8,0x00000000e5100000)
 PSPermGen       total 161280K, used 100087K [0x00000000c0000000, 0x00000000c9d80000, 0x00000000d0000000)
  object space 161280K, 62% used [0x00000000c0000000,0x00000000c61bddb8,0x00000000c9d80000)
Event: 40.496 GC heap after
Heap after GC invocations=48 (full 2):
 PSYoungGen      total 237056K, used 8642K [0x00000000f0000000, 0x0000000100000000, 0x0000000100000000)
  eden space 212480K, 0% used [0x00000000f0000000,0x00000000f0000000,0x00000000fcf80000)
  from space 24576K, 35% used [0x00000000fe600000,0x00000000fee70b10,0x00000000ffe00000)
  to   space 23040K, 0% used [0x00000000fcf80000,0x00000000fcf80000,0x00000000fe600000)
 ParOldGen       total 345088K, used 209224K [0x00000000d0000000, 0x00000000e5100000, 0x00000000f0000000)
  object space 345088K, 60% used [0x00000000d0000000,0x00000000dcc522c8,0x00000000e5100000)
 PSPermGen       total 161280K, used 100087K [0x00000000c0000000, 0x00000000c9d80000, 0x00000000d0000000)
  object space 161280K, 62% used [0x00000000c0000000,0x00000000c61bddb8,0x00000000c9d80000)
}
Event: 45.093 GC heap before
{Heap before GC invocations=49 (full 2):
 PSYoungGen      total 237056K, used 213363K [0x00000000f0000000, 0x0000000100000000, 0x0000000100000000)
  eden space 212480K, 96% used [0x00000000f0000000,0x00000000fc7ec290,0x00000000fcf80000)
  from space 24576K, 35% used [0x00000000fe600000,0x00000000fee70b10,0x00000000ffe00000)
  to   space 23040K, 0% used [0x00000000fcf80000,0x00000000fcf80000,0x00000000fe600000)
 ParOldGen       total 345088K, used 209224K [0x00000000d0000000, 0x00000000e5100000, 0x00000000f0000000)
  object space 345088K, 60% used [0x00000000d0000000,0x00000000dcc522c8,0x00000000e5100000)
 PSPermGen       total 161280K, used 101062K [0x00000000c0000000, 0x00000000c9d80000, 0x00000000d0000000)
  object space 161280K, 62% used [0x00000000c0000000,0x00000000c62b1be0,0x00000000c9d80000)
Event: 45.124 GC heap after
Heap after GC invocations=49 (full 2):
 PSYoungGen      total 235520K, used 10849K [0x00000000f0000000, 0x00000000ffc80000, 0x0000000100000000)
  eden space 212480K, 0% used [0x00000000f0000000,0x00000000f0000000,0x00000000fcf80000)
  from space 23040K, 47% used [0x00000000fcf80000,0x00000000fda18688,0x00000000fe600000)
  to   space 22016K, 0% used [0x00000000fe700000,0x00000000fe700000,0x00000000ffc80000)
 ParOldGen       total 345088K, used 209224K [0x00000000d0000000, 0x00000000e5100000, 0x00000000f0000000)
  object space 345088K, 60% used [0x00000000d0000000,0x00000000dcc522c8,0x00000000e5100000)
 PSPermGen       total 161280K, used 101062K [0x00000000c0000000, 0x00000000c9d80000, 0x00000000d0000000)
  object space 161280K, 62% used [0x00000000c0000000,0x00000000c62b1be0,0x00000000c9d80000)
}

