Testsuite: almacenweb.UtilTests
Tests run: 2, Failures: 2, Errors: 0, Time elapsed: 0.469 sec
------------- Standard Output ---------------
--Output from testUsuarios--
Hibernate: select this_.idusuario as idusuario9_1_, this_.materno as materno9_1_, this_.nombre as nombre9_1_, this_.password as password9_1_, this_.paterno as paterno9_1_, this_.rfc as rfc9_1_, perfiles_a1_.idusuario as idusuario17_0_, perfiles_a1_.idperfil as idperfil17_0_ from usuario this_ inner join usuario_perfil perfiles_a1_ on this_.idusuario=perfiles_a1_.idusuario where (perfiles_a1_.idperfil=?) order by this_.nombre desc
--Output from testFechaDesglosada--
------------- ---------------- ---------------
------------- Standard Error -----------------
--Output from testUsuarios--
--Output from testFechaDesglosada--
------------- ---------------- ---------------

Testcase: testUsuarios took 0.432 sec
	FAILED
java.lang.AssertionError: expected:<5> but was:<8>
junit.framework.AssertionFailedError: java.lang.AssertionError: expected:<5> but was:<8>
	at almacenweb.UtilTests.testUsuarios(UtilTests.groovy:18)

Testcase: testFechaDesglosada took 0.023 sec
	FAILED
java.lang.AssertionError: expected:<2012> but was:<2013>
junit.framework.AssertionFailedError: java.lang.AssertionError: expected:<2012> but was:<2013>
	at almacenweb.UtilTests.testFechaDesglosada(UtilTests.groovy:24)

